<?xml version="1.0" encoding="UTF-8"?>
<!-- Generated by org.testng.reporters.JUnitXMLReporter -->
<testsuite ignored="2" hostname="LAPTOP-A0RISGTB" failures="0" tests="0" time="0.939" errors="0" timestamp="2024-01-15T22:14:16 ART">
  <testcase classname="clase3.Tres_Uno" name="registrationTest" time="0.0">
    <ignored/>
  </testcase> <!-- registrationTest -->
  <testcase classname="clase3.Tres_Uno" name="invalidRegistrationTest" time="0.0">
    <ignored/>
  </testcase> <!-- invalidRegistrationTest -->
</testsuite>
