<?xml version="1.0" encoding="UTF-8"?>
<!-- Generated by org.testng.reporters.JUnitXMLReporter -->
<testsuite ignored="1" hostname="LAPTOP-A0RISGTB" failures="1" tests="1" name="Registro invalido careta" time="11.268" errors="0" timestamp="2024-01-15T22:14:15 ART">
  <testcase classname="clase3.Tres_Uno" name="invalidRegistrationTest" time="3.979">
    <failure type="java.lang.AssertionError" message="El texto no es correcto expected [password is required.] but found [passwd is required.]">
      <![CDATA[java.lang.AssertionError: El texto no es correcto expected [password is required.] but found [passwd is required.]
at clase3.Tres_Uno.invalidRegistrationTest(Tres_Uno.java:127)
at java.base/java.util.ArrayList.forEach(ArrayList.java:1511)
... Removed 30 stack frames]]>
    </failure>
  </testcase> <!-- invalidRegistrationTest -->
  <testcase classname="clase3.Tres_Uno" name="registrationTest" time="0.0">
    <ignored/>
  </testcase> <!-- registrationTest -->
</testsuite> <!-- Registro invalido careta -->
