<?xml version="1.0" encoding="UTF-8"?>
<!-- Generated by org.testng.reporters.JUnitXMLReporter -->
<testsuite ignored="1" hostname="LAPTOP-A0RISGTB" failures="0" tests="1" name="Registro valido chrome" time="12.585" errors="0" timestamp="2024-01-18T20:00:06 ART">
  <testcase classname="clase4.Ejemplo" name="registrationTest" time="5.293"/>
  <testcase classname="clase4.Ejemplo" name="invalidRegistrationTest" time="0.0">
    <ignored/>
  </testcase> <!-- invalidRegistrationTest -->
</testsuite> <!-- Registro valido chrome -->
