<?xml version="1.0" encoding="UTF-8"?>
<!-- Generated by org.testng.reporters.JUnitXMLReporter -->
<testsuite ignored="1" hostname="LAPTOP-A0RISGTB" failures="0" tests="1" name="Registro valido firefox" time="15.192" errors="0" timestamp="2024-01-18T19:59:53 ART">
  <testcase classname="clase4.Ejemplo" name="registrationTest" time="5.41"/>
  <testcase classname="clase4.Ejemplo" name="invalidRegistrationTest" time="0.0">
    <ignored/>
  </testcase> <!-- invalidRegistrationTest -->
</testsuite> <!-- Registro valido firefox -->
