<?xml version="1.0" encoding="UTF-8"?>
<!-- Generated by org.testng.reporters.JUnitXMLReporter -->
<testsuite ignored="0" hostname="LAPTOP-A0RISGTB" failures="0" tests="3" name="Registro invalido" time="0.057" errors="0" timestamp="2024-01-18T21:47:45 ART">
  <testcase classname="clase3.Anotaciones" name="secondTest" time="0.007"/>
  <testcase classname="clase3.Anotaciones" name="firstTest" time="0.003"/>
  <testcase classname="clase3.Anotaciones" name="thirdtTest" time="0.001"/>
</testsuite> <!-- Registro invalido -->
