<?xml version="1.0" encoding="UTF-8"?>
<!-- Generated by org.testng.reporters.JUnitXMLReporter -->
<testsuite ignored="0" hostname="LAPTOP-A0RISGTB" failures="1" tests="2" name="Test" time="44.666" errors="0" timestamp="2024-01-25T19:36:31 ART">
  <testcase classname="clase3.Tres_Uno" name="invalidRegistrationTest" time="6.312">
    <failure type="java.lang.AssertionError" message="El texto no es correcto expected [password is required.] but found [passwd is required.]">
      <![CDATA[java.lang.AssertionError: El texto no es correcto expected [password is required.] but found [passwd is required.]
at clase3.Tres_Uno.invalidRegistrationTest(Tres_Uno.java:127)
at java.base/java.util.ArrayList.forEach(ArrayList.java:1511)
... Removed 33 stack frames]]>
    </failure>
  </testcase> <!-- invalidRegistrationTest -->
  <testcase classname="clase3.Tres_Uno" name="registrationTest" time="20.844"/>
</testsuite> <!-- Test -->
