<?xml version="1.0" encoding="UTF-8"?>
<testng-results ignored="0" total="1" passed="1" failed="0" skipped="0">
  <reporter-output>
  </reporter-output>
  <suite started-at="2024-01-25T20:53:48 ART" name="Default suite" finished-at="2024-01-25T20:53:51 ART" duration-ms="3258">
    <groups>
    </groups>
    <test started-at="2024-01-25T20:53:48 ART" name="Default test" finished-at="2024-01-25T20:53:51 ART" duration-ms="3258">
      <class name="clase6.CambiosSelenium4">
        <test-method is-config="true" signature="setUp()[pri:0, instance:clase6.CambiosSelenium4@235834f2]" started-at="2024-01-25T20:53:48 ART" name="setUp" finished-at="2024-01-25T20:53:51 ART" duration-ms="2952" status="PASS">
          <reporter-output>
          </reporter-output>
        </test-method> <!-- setUp -->
        <test-method signature="screenshotImage()[pri:0, instance:clase6.CambiosSelenium4@235834f2]" started-at="2024-01-25T20:53:51 ART" name="screenshotImage" finished-at="2024-01-25T20:53:51 ART" duration-ms="173" status="PASS">
          <reporter-output>
          </reporter-output>
        </test-method> <!-- screenshotImage -->
        <test-method is-config="true" signature="tearDown()[pri:0, instance:clase6.CambiosSelenium4@235834f2]" started-at="2024-01-25T20:53:51 ART" name="tearDown" finished-at="2024-01-25T20:53:51 ART" duration-ms="103" status="PASS">
          <reporter-output>
          </reporter-output>
        </test-method> <!-- tearDown -->
      </class> <!-- clase6.CambiosSelenium4 -->
    </test> <!-- Default test -->
  </suite> <!-- Default suite -->
</testng-results>
