<?xml version="1.0" encoding="UTF-8"?>
<testng-results ignored="0" total="1" passed="1" failed="0" skipped="0">
  <reporter-output>
  </reporter-output>
  <suite started-at="2024-01-25T19:21:07 ART" name="Default suite" finished-at="2024-01-25T19:21:15 ART" duration-ms="8287">
    <groups>
    </groups>
    <test started-at="2024-01-25T19:21:07 ART" name="Default test" finished-at="2024-01-25T19:21:15 ART" duration-ms="8287">
      <class name="clase6.CapabilitiesExample">
        <test-method is-config="true" signature="setUp()[pri:0, instance:clase6.CapabilitiesExample@368f2016]" started-at="2024-01-25T19:21:07 ART" name="setUp" finished-at="2024-01-25T19:21:14 ART" duration-ms="7058" status="PASS">
          <reporter-output>
          </reporter-output>
        </test-method> <!-- setUp -->
        <test-method signature="searchItem()[pri:0, instance:clase6.CapabilitiesExample@368f2016]" started-at="2024-01-25T19:21:14 ART" name="searchItem" finished-at="2024-01-25T19:21:15 ART" duration-ms="1149" status="PASS">
          <reporter-output>
          </reporter-output>
        </test-method> <!-- searchItem -->
        <test-method is-config="true" signature="tearDown()[pri:0, instance:clase6.CapabilitiesExample@368f2016]" started-at="2024-01-25T19:21:15 ART" name="tearDown" finished-at="2024-01-25T19:21:15 ART" duration-ms="33" status="PASS">
          <reporter-output>
          </reporter-output>
        </test-method> <!-- tearDown -->
      </class> <!-- clase6.CapabilitiesExample -->
    </test> <!-- Default test -->
  </suite> <!-- Default suite -->
</testng-results>
