-------------------------------------------------------------------------------
Test set: TestSuite
-------------------------------------------------------------------------------
Tests run: 2, Failures: 1, Errors: 0, Skipped: 0, Time elapsed: 48.831 sec <<< FAILURE! - in TestSuite
invalidRegistrationTest(clase3.Tres_Uno)  Time elapsed: 6.315 sec  <<< FAILURE!
java.lang.AssertionError: El texto no es correcto expected [password is required.] but found [passwd is required.]
	at clase3.Tres_Uno.invalidRegistrationTest(Tres_Uno.java:127)

