<?xml version="1.0" encoding="UTF-8"?>
<!-- Generated by org.testng.reporters.JUnitXMLReporter -->
<testsuite ignored="2" hostname="LAPTOP-A0RISGTB" failures="0" tests="1" name="Default test" time="3.258" errors="0" timestamp="2024-01-25T20:53:51 ART">
  <testcase classname="clase6.CambiosSelenium4" name="screenshotImage" time="0.173"/>
  <testcase classname="clase6.CambiosSelenium4" name="geoLocTest" time="0.0">
    <ignored/>
  </testcase> <!-- geoLocTest -->
  <testcase classname="clase6.CambiosSelenium4" name="locatorRelativo" time="0.0">
    <ignored/>
  </testcase> <!-- locatorRelativo -->
</testsuite> <!-- Default test -->
